Jun 11 2024 06:59:28
{"type":8192,"message":"Return type of Ai1wm_Recursive_Newline_Filter::accept() should either be compatible with FilterIterator::accept(): bool, or the #[\\ReturnTypeWillChange] attribute should be used to temporarily suppress the notice","file":"D:\\Xampp\\htdocs\\bizwin-solutions\\wp-content\\plugins\\all-in-one-wp-migration\\lib\\vendor\\servmask\\filter\\class-ai1wm-recursive-newline-filter.php","line":28}

Jun 11 2024 06:59:28
{"type":8192,"message":"Return type of Ai1wm_Recursive_Newline_Filter::accept() should either be compatible with FilterIterator::accept(): bool, or the #[\\ReturnTypeWillChange] attribute should be used to temporarily suppress the notice","file":"D:\\Xampp\\htdocs\\bizwin-solutions\\wp-content\\plugins\\all-in-one-wp-migration\\lib\\vendor\\servmask\\filter\\class-ai1wm-recursive-newline-filter.php","line":28}

Jun 11 2024 06:59:29
{"type":8192,"message":"Return type of Ai1wm_Recursive_Newline_Filter::accept() should either be compatible with FilterIterator::accept(): bool, or the #[\\ReturnTypeWillChange] attribute should be used to temporarily suppress the notice","file":"D:\\Xampp\\htdocs\\bizwin-solutions\\wp-content\\plugins\\all-in-one-wp-migration\\lib\\vendor\\servmask\\filter\\class-ai1wm-recursive-newline-filter.php","line":28}

Jun 11 2024 06:59:29
{"type":8192,"message":"Return type of Ai1wm_Recursive_Newline_Filter::accept() should either be compatible with FilterIterator::accept(): bool, or the #[\\ReturnTypeWillChange] attribute should be used to temporarily suppress the notice","file":"D:\\Xampp\\htdocs\\bizwin-solutions\\wp-content\\plugins\\all-in-one-wp-migration\\lib\\vendor\\servmask\\filter\\class-ai1wm-recursive-newline-filter.php","line":28}

Jun 11 2024 06:59:29
{"type":8192,"message":"Return type of Ai1wm_Recursive_Newline_Filter::accept() should either be compatible with FilterIterator::accept(): bool, or the #[\\ReturnTypeWillChange] attribute should be used to temporarily suppress the notice","file":"D:\\Xampp\\htdocs\\bizwin-solutions\\wp-content\\plugins\\all-in-one-wp-migration\\lib\\vendor\\servmask\\filter\\class-ai1wm-recursive-newline-filter.php","line":28}

Jun 11 2024 06:59:30
{"type":8192,"message":"Return type of Ai1wm_Recursive_Newline_Filter::accept() should either be compatible with FilterIterator::accept(): bool, or the #[\\ReturnTypeWillChange] attribute should be used to temporarily suppress the notice","file":"D:\\Xampp\\htdocs\\bizwin-solutions\\wp-content\\plugins\\all-in-one-wp-migration\\lib\\vendor\\servmask\\filter\\class-ai1wm-recursive-newline-filter.php","line":28}

Jun 11 2024 06:59:30
{"type":8192,"message":"Return type of Ai1wm_Recursive_Newline_Filter::accept() should either be compatible with FilterIterator::accept(): bool, or the #[\\ReturnTypeWillChange] attribute should be used to temporarily suppress the notice","file":"D:\\Xampp\\htdocs\\bizwin-solutions\\wp-content\\plugins\\all-in-one-wp-migration\\lib\\vendor\\servmask\\filter\\class-ai1wm-recursive-newline-filter.php","line":28}

Jun 11 2024 06:59:31
{"type":8192,"message":"Return type of Ai1wm_Recursive_Newline_Filter::accept() should either be compatible with FilterIterator::accept(): bool, or the #[\\ReturnTypeWillChange] attribute should be used to temporarily suppress the notice","file":"D:\\Xampp\\htdocs\\bizwin-solutions\\wp-content\\plugins\\all-in-one-wp-migration\\lib\\vendor\\servmask\\filter\\class-ai1wm-recursive-newline-filter.php","line":28}

Jun 11 2024 06:59:31
{"type":8192,"message":"Return type of Ai1wm_Recursive_Newline_Filter::accept() should either be compatible with FilterIterator::accept(): bool, or the #[\\ReturnTypeWillChange] attribute should be used to temporarily suppress the notice","file":"D:\\Xampp\\htdocs\\bizwin-solutions\\wp-content\\plugins\\all-in-one-wp-migration\\lib\\vendor\\servmask\\filter\\class-ai1wm-recursive-newline-filter.php","line":28}

Jun 11 2024 06:59:31
{"type":8192,"message":"Return type of Ai1wm_Recursive_Newline_Filter::accept() should either be compatible with FilterIterator::accept(): bool, or the #[\\ReturnTypeWillChange] attribute should be used to temporarily suppress the notice","file":"D:\\Xampp\\htdocs\\bizwin-solutions\\wp-content\\plugins\\all-in-one-wp-migration\\lib\\vendor\\servmask\\filter\\class-ai1wm-recursive-newline-filter.php","line":28}

Jun 11 2024 06:59:32
{"type":8192,"message":"Return type of Ai1wm_Recursive_Newline_Filter::accept() should either be compatible with FilterIterator::accept(): bool, or the #[\\ReturnTypeWillChange] attribute should be used to temporarily suppress the notice","file":"D:\\Xampp\\htdocs\\bizwin-solutions\\wp-content\\plugins\\all-in-one-wp-migration\\lib\\vendor\\servmask\\filter\\class-ai1wm-recursive-newline-filter.php","line":28}

Jun 11 2024 06:59:32
{"type":8192,"message":"Return type of Ai1wm_Recursive_Newline_Filter::accept() should either be compatible with FilterIterator::accept(): bool, or the #[\\ReturnTypeWillChange] attribute should be used to temporarily suppress the notice","file":"D:\\Xampp\\htdocs\\bizwin-solutions\\wp-content\\plugins\\all-in-one-wp-migration\\lib\\vendor\\servmask\\filter\\class-ai1wm-recursive-newline-filter.php","line":28}

Jun 11 2024 06:59:33
{"type":8192,"message":"Return type of Ai1wm_Recursive_Newline_Filter::accept() should either be compatible with FilterIterator::accept(): bool, or the #[\\ReturnTypeWillChange] attribute should be used to temporarily suppress the notice","file":"D:\\Xampp\\htdocs\\bizwin-solutions\\wp-content\\plugins\\all-in-one-wp-migration\\lib\\vendor\\servmask\\filter\\class-ai1wm-recursive-newline-filter.php","line":28}

Jun 11 2024 06:59:33
{"type":8192,"message":"Return type of Ai1wm_Recursive_Newline_Filter::accept() should either be compatible with FilterIterator::accept(): bool, or the #[\\ReturnTypeWillChange] attribute should be used to temporarily suppress the notice","file":"D:\\Xampp\\htdocs\\bizwin-solutions\\wp-content\\plugins\\all-in-one-wp-migration\\lib\\vendor\\servmask\\filter\\class-ai1wm-recursive-newline-filter.php","line":28}

Jun 11 2024 06:59:33
{"type":8192,"message":"Return type of Ai1wm_Recursive_Newline_Filter::accept() should either be compatible with FilterIterator::accept(): bool, or the #[\\ReturnTypeWillChange] attribute should be used to temporarily suppress the notice","file":"D:\\Xampp\\htdocs\\bizwin-solutions\\wp-content\\plugins\\all-in-one-wp-migration\\lib\\vendor\\servmask\\filter\\class-ai1wm-recursive-newline-filter.php","line":28}

Jun 11 2024 06:59:34
{"type":8192,"message":"Return type of Ai1wm_Recursive_Newline_Filter::accept() should either be compatible with FilterIterator::accept(): bool, or the #[\\ReturnTypeWillChange] attribute should be used to temporarily suppress the notice","file":"D:\\Xampp\\htdocs\\bizwin-solutions\\wp-content\\plugins\\all-in-one-wp-migration\\lib\\vendor\\servmask\\filter\\class-ai1wm-recursive-newline-filter.php","line":28}

Jun 11 2024 06:59:34
{"type":8192,"message":"Return type of Ai1wm_Recursive_Newline_Filter::accept() should either be compatible with FilterIterator::accept(): bool, or the #[\\ReturnTypeWillChange] attribute should be used to temporarily suppress the notice","file":"D:\\Xampp\\htdocs\\bizwin-solutions\\wp-content\\plugins\\all-in-one-wp-migration\\lib\\vendor\\servmask\\filter\\class-ai1wm-recursive-newline-filter.php","line":28}

Jun 11 2024 06:59:34
{"type":8192,"message":"Return type of Ai1wm_Recursive_Newline_Filter::accept() should either be compatible with FilterIterator::accept(): bool, or the #[\\ReturnTypeWillChange] attribute should be used to temporarily suppress the notice","file":"D:\\Xampp\\htdocs\\bizwin-solutions\\wp-content\\plugins\\all-in-one-wp-migration\\lib\\vendor\\servmask\\filter\\class-ai1wm-recursive-newline-filter.php","line":28}

Jun 11 2024 06:59:35
{"type":8192,"message":"Return type of Ai1wm_Recursive_Newline_Filter::accept() should either be compatible with FilterIterator::accept(): bool, or the #[\\ReturnTypeWillChange] attribute should be used to temporarily suppress the notice","file":"D:\\Xampp\\htdocs\\bizwin-solutions\\wp-content\\plugins\\all-in-one-wp-migration\\lib\\vendor\\servmask\\filter\\class-ai1wm-recursive-newline-filter.php","line":28}

Jun 11 2024 06:59:35
{"type":8192,"message":"Return type of Ai1wm_Recursive_Newline_Filter::accept() should either be compatible with FilterIterator::accept(): bool, or the #[\\ReturnTypeWillChange] attribute should be used to temporarily suppress the notice","file":"D:\\Xampp\\htdocs\\bizwin-solutions\\wp-content\\plugins\\all-in-one-wp-migration\\lib\\vendor\\servmask\\filter\\class-ai1wm-recursive-newline-filter.php","line":28}

Jun 11 2024 06:59:36
{"type":8192,"message":"Return type of Ai1wm_Recursive_Newline_Filter::accept() should either be compatible with FilterIterator::accept(): bool, or the #[\\ReturnTypeWillChange] attribute should be used to temporarily suppress the notice","file":"D:\\Xampp\\htdocs\\bizwin-solutions\\wp-content\\plugins\\all-in-one-wp-migration\\lib\\vendor\\servmask\\filter\\class-ai1wm-recursive-newline-filter.php","line":28}

Jun 11 2024 06:59:36
{"type":8192,"message":"Return type of Ai1wm_Recursive_Newline_Filter::accept() should either be compatible with FilterIterator::accept(): bool, or the #[\\ReturnTypeWillChange] attribute should be used to temporarily suppress the notice","file":"D:\\Xampp\\htdocs\\bizwin-solutions\\wp-content\\plugins\\all-in-one-wp-migration\\lib\\vendor\\servmask\\filter\\class-ai1wm-recursive-newline-filter.php","line":28}

Jun 11 2024 06:59:37
{"type":8192,"message":"Return type of Ai1wm_Recursive_Newline_Filter::accept() should either be compatible with FilterIterator::accept(): bool, or the #[\\ReturnTypeWillChange] attribute should be used to temporarily suppress the notice","file":"D:\\Xampp\\htdocs\\bizwin-solutions\\wp-content\\plugins\\all-in-one-wp-migration\\lib\\vendor\\servmask\\filter\\class-ai1wm-recursive-newline-filter.php","line":28}

Jun 11 2024 06:59:37
{"type":8192,"message":"Return type of Ai1wm_Recursive_Newline_Filter::accept() should either be compatible with FilterIterator::accept(): bool, or the #[\\ReturnTypeWillChange] attribute should be used to temporarily suppress the notice","file":"D:\\Xampp\\htdocs\\bizwin-solutions\\wp-content\\plugins\\all-in-one-wp-migration\\lib\\vendor\\servmask\\filter\\class-ai1wm-recursive-newline-filter.php","line":28}

Jun 11 2024 06:59:37
{"type":8192,"message":"Return type of Ai1wm_Recursive_Newline_Filter::accept() should either be compatible with FilterIterator::accept(): bool, or the #[\\ReturnTypeWillChange] attribute should be used to temporarily suppress the notice","file":"D:\\Xampp\\htdocs\\bizwin-solutions\\wp-content\\plugins\\all-in-one-wp-migration\\lib\\vendor\\servmask\\filter\\class-ai1wm-recursive-newline-filter.php","line":28}

Jun 11 2024 06:59:38
{"type":8192,"message":"Return type of Ai1wm_Recursive_Newline_Filter::accept() should either be compatible with FilterIterator::accept(): bool, or the #[\\ReturnTypeWillChange] attribute should be used to temporarily suppress the notice","file":"D:\\Xampp\\htdocs\\bizwin-solutions\\wp-content\\plugins\\all-in-one-wp-migration\\lib\\vendor\\servmask\\filter\\class-ai1wm-recursive-newline-filter.php","line":28}

Jun 11 2024 06:59:38
{"type":8192,"message":"Return type of Ai1wm_Recursive_Newline_Filter::accept() should either be compatible with FilterIterator::accept(): bool, or the #[\\ReturnTypeWillChange] attribute should be used to temporarily suppress the notice","file":"D:\\Xampp\\htdocs\\bizwin-solutions\\wp-content\\plugins\\all-in-one-wp-migration\\lib\\vendor\\servmask\\filter\\class-ai1wm-recursive-newline-filter.php","line":28}

Jun 11 2024 06:59:39
{"type":8192,"message":"Return type of Ai1wm_Recursive_Newline_Filter::accept() should either be compatible with FilterIterator::accept(): bool, or the #[\\ReturnTypeWillChange] attribute should be used to temporarily suppress the notice","file":"D:\\Xampp\\htdocs\\bizwin-solutions\\wp-content\\plugins\\all-in-one-wp-migration\\lib\\vendor\\servmask\\filter\\class-ai1wm-recursive-newline-filter.php","line":28}

Jun 11 2024 06:59:39
{"type":8192,"message":"Return type of Ai1wm_Recursive_Newline_Filter::accept() should either be compatible with FilterIterator::accept(): bool, or the #[\\ReturnTypeWillChange] attribute should be used to temporarily suppress the notice","file":"D:\\Xampp\\htdocs\\bizwin-solutions\\wp-content\\plugins\\all-in-one-wp-migration\\lib\\vendor\\servmask\\filter\\class-ai1wm-recursive-newline-filter.php","line":28}

Jun 11 2024 06:59:39
{"type":8192,"message":"Return type of Ai1wm_Recursive_Newline_Filter::accept() should either be compatible with FilterIterator::accept(): bool, or the #[\\ReturnTypeWillChange] attribute should be used to temporarily suppress the notice","file":"D:\\Xampp\\htdocs\\bizwin-solutions\\wp-content\\plugins\\all-in-one-wp-migration\\lib\\vendor\\servmask\\filter\\class-ai1wm-recursive-newline-filter.php","line":28}

Jun 11 2024 06:59:40
{"type":8192,"message":"Return type of Ai1wm_Recursive_Newline_Filter::accept() should either be compatible with FilterIterator::accept(): bool, or the #[\\ReturnTypeWillChange] attribute should be used to temporarily suppress the notice","file":"D:\\Xampp\\htdocs\\bizwin-solutions\\wp-content\\plugins\\all-in-one-wp-migration\\lib\\vendor\\servmask\\filter\\class-ai1wm-recursive-newline-filter.php","line":28}

Jun 11 2024 06:59:40
{"type":8192,"message":"Return type of Ai1wm_Recursive_Newline_Filter::accept() should either be compatible with FilterIterator::accept(): bool, or the #[\\ReturnTypeWillChange] attribute should be used to temporarily suppress the notice","file":"D:\\Xampp\\htdocs\\bizwin-solutions\\wp-content\\plugins\\all-in-one-wp-migration\\lib\\vendor\\servmask\\filter\\class-ai1wm-recursive-newline-filter.php","line":28}

Jun 11 2024 06:59:44
{"type":8192,"message":"Return type of Ai1wm_Recursive_Newline_Filter::accept() should either be compatible with FilterIterator::accept(): bool, or the #[\\ReturnTypeWillChange] attribute should be used to temporarily suppress the notice","file":"D:\\Xampp\\htdocs\\bizwin-solutions\\wp-content\\plugins\\all-in-one-wp-migration\\lib\\vendor\\servmask\\filter\\class-ai1wm-recursive-newline-filter.php","line":28}

Jun 11 2024 06:59:45
{"type":8192,"message":"Return type of Ai1wm_Recursive_Newline_Filter::accept() should either be compatible with FilterIterator::accept(): bool, or the #[\\ReturnTypeWillChange] attribute should be used to temporarily suppress the notice","file":"D:\\Xampp\\htdocs\\bizwin-solutions\\wp-content\\plugins\\all-in-one-wp-migration\\lib\\vendor\\servmask\\filter\\class-ai1wm-recursive-newline-filter.php","line":28}

Jun 11 2024 06:59:45
{"type":8192,"message":"Return type of Ai1wm_Recursive_Newline_Filter::accept() should either be compatible with FilterIterator::accept(): bool, or the #[\\ReturnTypeWillChange] attribute should be used to temporarily suppress the notice","file":"D:\\Xampp\\htdocs\\bizwin-solutions\\wp-content\\plugins\\all-in-one-wp-migration\\lib\\vendor\\servmask\\filter\\class-ai1wm-recursive-newline-filter.php","line":28}

Jun 11 2024 06:59:45
{"type":8192,"message":"Return type of Ai1wm_Recursive_Newline_Filter::accept() should either be compatible with FilterIterator::accept(): bool, or the #[\\ReturnTypeWillChange] attribute should be used to temporarily suppress the notice","file":"D:\\Xampp\\htdocs\\bizwin-solutions\\wp-content\\plugins\\all-in-one-wp-migration\\lib\\vendor\\servmask\\filter\\class-ai1wm-recursive-newline-filter.php","line":28}

Jun 11 2024 06:59:46
{"type":8192,"message":"Return type of Ai1wm_Recursive_Newline_Filter::accept() should either be compatible with FilterIterator::accept(): bool, or the #[\\ReturnTypeWillChange] attribute should be used to temporarily suppress the notice","file":"D:\\Xampp\\htdocs\\bizwin-solutions\\wp-content\\plugins\\all-in-one-wp-migration\\lib\\vendor\\servmask\\filter\\class-ai1wm-recursive-newline-filter.php","line":28}

Jun 11 2024 06:59:46
{"type":8192,"message":"Return type of Ai1wm_Recursive_Newline_Filter::accept() should either be compatible with FilterIterator::accept(): bool, or the #[\\ReturnTypeWillChange] attribute should be used to temporarily suppress the notice","file":"D:\\Xampp\\htdocs\\bizwin-solutions\\wp-content\\plugins\\all-in-one-wp-migration\\lib\\vendor\\servmask\\filter\\class-ai1wm-recursive-newline-filter.php","line":28}

Jun 11 2024 06:59:47
{"type":8192,"message":"Return type of Ai1wm_Recursive_Newline_Filter::accept() should either be compatible with FilterIterator::accept(): bool, or the #[\\ReturnTypeWillChange] attribute should be used to temporarily suppress the notice","file":"D:\\Xampp\\htdocs\\bizwin-solutions\\wp-content\\plugins\\all-in-one-wp-migration\\lib\\vendor\\servmask\\filter\\class-ai1wm-recursive-newline-filter.php","line":28}

Jun 11 2024 06:59:47
{"type":8192,"message":"Return type of Ai1wm_Recursive_Newline_Filter::accept() should either be compatible with FilterIterator::accept(): bool, or the #[\\ReturnTypeWillChange] attribute should be used to temporarily suppress the notice","file":"D:\\Xampp\\htdocs\\bizwin-solutions\\wp-content\\plugins\\all-in-one-wp-migration\\lib\\vendor\\servmask\\filter\\class-ai1wm-recursive-newline-filter.php","line":28}

Jun 11 2024 06:59:47
{"type":8192,"message":"Return type of Ai1wm_Recursive_Newline_Filter::accept() should either be compatible with FilterIterator::accept(): bool, or the #[\\ReturnTypeWillChange] attribute should be used to temporarily suppress the notice","file":"D:\\Xampp\\htdocs\\bizwin-solutions\\wp-content\\plugins\\all-in-one-wp-migration\\lib\\vendor\\servmask\\filter\\class-ai1wm-recursive-newline-filter.php","line":28}

Jun 11 2024 06:59:48
{"type":8192,"message":"Return type of Ai1wm_Recursive_Newline_Filter::accept() should either be compatible with FilterIterator::accept(): bool, or the #[\\ReturnTypeWillChange] attribute should be used to temporarily suppress the notice","file":"D:\\Xampp\\htdocs\\bizwin-solutions\\wp-content\\plugins\\all-in-one-wp-migration\\lib\\vendor\\servmask\\filter\\class-ai1wm-recursive-newline-filter.php","line":28}

Jun 11 2024 06:59:49
{"type":8192,"message":"Return type of Ai1wm_Recursive_Newline_Filter::accept() should either be compatible with FilterIterator::accept(): bool, or the #[\\ReturnTypeWillChange] attribute should be used to temporarily suppress the notice","file":"D:\\Xampp\\htdocs\\bizwin-solutions\\wp-content\\plugins\\all-in-one-wp-migration\\lib\\vendor\\servmask\\filter\\class-ai1wm-recursive-newline-filter.php","line":28}

Jun 11 2024 06:59:49
{"type":8192,"message":"Return type of Ai1wm_Recursive_Newline_Filter::accept() should either be compatible with FilterIterator::accept(): bool, or the #[\\ReturnTypeWillChange] attribute should be used to temporarily suppress the notice","file":"D:\\Xampp\\htdocs\\bizwin-solutions\\wp-content\\plugins\\all-in-one-wp-migration\\lib\\vendor\\servmask\\filter\\class-ai1wm-recursive-newline-filter.php","line":28}

Jun 11 2024 06:59:49
{"type":8192,"message":"Return type of Ai1wm_Recursive_Newline_Filter::accept() should either be compatible with FilterIterator::accept(): bool, or the #[\\ReturnTypeWillChange] attribute should be used to temporarily suppress the notice","file":"D:\\Xampp\\htdocs\\bizwin-solutions\\wp-content\\plugins\\all-in-one-wp-migration\\lib\\vendor\\servmask\\filter\\class-ai1wm-recursive-newline-filter.php","line":28}

Jun 11 2024 06:59:50
{"type":8192,"message":"Return type of Ai1wm_Recursive_Newline_Filter::accept() should either be compatible with FilterIterator::accept(): bool, or the #[\\ReturnTypeWillChange] attribute should be used to temporarily suppress the notice","file":"D:\\Xampp\\htdocs\\bizwin-solutions\\wp-content\\plugins\\all-in-one-wp-migration\\lib\\vendor\\servmask\\filter\\class-ai1wm-recursive-newline-filter.php","line":28}

Jun 11 2024 06:59:50
{"type":8192,"message":"Return type of Ai1wm_Recursive_Newline_Filter::accept() should either be compatible with FilterIterator::accept(): bool, or the #[\\ReturnTypeWillChange] attribute should be used to temporarily suppress the notice","file":"D:\\Xampp\\htdocs\\bizwin-solutions\\wp-content\\plugins\\all-in-one-wp-migration\\lib\\vendor\\servmask\\filter\\class-ai1wm-recursive-newline-filter.php","line":28}

Jun 11 2024 06:59:51
{"type":8192,"message":"Return type of Ai1wm_Recursive_Newline_Filter::accept() should either be compatible with FilterIterator::accept(): bool, or the #[\\ReturnTypeWillChange] attribute should be used to temporarily suppress the notice","file":"D:\\Xampp\\htdocs\\bizwin-solutions\\wp-content\\plugins\\all-in-one-wp-migration\\lib\\vendor\\servmask\\filter\\class-ai1wm-recursive-newline-filter.php","line":28}

Jun 11 2024 06:59:51
{"type":8192,"message":"Return type of Ai1wm_Recursive_Newline_Filter::accept() should either be compatible with FilterIterator::accept(): bool, or the #[\\ReturnTypeWillChange] attribute should be used to temporarily suppress the notice","file":"D:\\Xampp\\htdocs\\bizwin-solutions\\wp-content\\plugins\\all-in-one-wp-migration\\lib\\vendor\\servmask\\filter\\class-ai1wm-recursive-newline-filter.php","line":28}

Jun 11 2024 06:59:52
{"type":8192,"message":"Return type of Ai1wm_Recursive_Newline_Filter::accept() should either be compatible with FilterIterator::accept(): bool, or the #[\\ReturnTypeWillChange] attribute should be used to temporarily suppress the notice","file":"D:\\Xampp\\htdocs\\bizwin-solutions\\wp-content\\plugins\\all-in-one-wp-migration\\lib\\vendor\\servmask\\filter\\class-ai1wm-recursive-newline-filter.php","line":28}

Jun 11 2024 06:59:52
{"type":8192,"message":"Return type of Ai1wm_Recursive_Newline_Filter::accept() should either be compatible with FilterIterator::accept(): bool, or the #[\\ReturnTypeWillChange] attribute should be used to temporarily suppress the notice","file":"D:\\Xampp\\htdocs\\bizwin-solutions\\wp-content\\plugins\\all-in-one-wp-migration\\lib\\vendor\\servmask\\filter\\class-ai1wm-recursive-newline-filter.php","line":28}

Jun 11 2024 06:59:52
{"type":8192,"message":"Return type of Ai1wm_Recursive_Newline_Filter::accept() should either be compatible with FilterIterator::accept(): bool, or the #[\\ReturnTypeWillChange] attribute should be used to temporarily suppress the notice","file":"D:\\Xampp\\htdocs\\bizwin-solutions\\wp-content\\plugins\\all-in-one-wp-migration\\lib\\vendor\\servmask\\filter\\class-ai1wm-recursive-newline-filter.php","line":28}

Jun 11 2024 06:59:53
{"type":8192,"message":"Return type of Ai1wm_Recursive_Newline_Filter::accept() should either be compatible with FilterIterator::accept(): bool, or the #[\\ReturnTypeWillChange] attribute should be used to temporarily suppress the notice","file":"D:\\Xampp\\htdocs\\bizwin-solutions\\wp-content\\plugins\\all-in-one-wp-migration\\lib\\vendor\\servmask\\filter\\class-ai1wm-recursive-newline-filter.php","line":28}

Jun 11 2024 06:59:53
{"type":8192,"message":"Return type of Ai1wm_Recursive_Newline_Filter::accept() should either be compatible with FilterIterator::accept(): bool, or the #[\\ReturnTypeWillChange] attribute should be used to temporarily suppress the notice","file":"D:\\Xampp\\htdocs\\bizwin-solutions\\wp-content\\plugins\\all-in-one-wp-migration\\lib\\vendor\\servmask\\filter\\class-ai1wm-recursive-newline-filter.php","line":28}

Jun 11 2024 06:59:54
{"type":8192,"message":"Return type of Ai1wm_Recursive_Newline_Filter::accept() should either be compatible with FilterIterator::accept(): bool, or the #[\\ReturnTypeWillChange] attribute should be used to temporarily suppress the notice","file":"D:\\Xampp\\htdocs\\bizwin-solutions\\wp-content\\plugins\\all-in-one-wp-migration\\lib\\vendor\\servmask\\filter\\class-ai1wm-recursive-newline-filter.php","line":28}

Jun 11 2024 06:59:54
{"type":8192,"message":"Return type of Ai1wm_Recursive_Newline_Filter::accept() should either be compatible with FilterIterator::accept(): bool, or the #[\\ReturnTypeWillChange] attribute should be used to temporarily suppress the notice","file":"D:\\Xampp\\htdocs\\bizwin-solutions\\wp-content\\plugins\\all-in-one-wp-migration\\lib\\vendor\\servmask\\filter\\class-ai1wm-recursive-newline-filter.php","line":28}

Jun 11 2024 06:59:55
{"type":8192,"message":"Return type of Ai1wm_Recursive_Newline_Filter::accept() should either be compatible with FilterIterator::accept(): bool, or the #[\\ReturnTypeWillChange] attribute should be used to temporarily suppress the notice","file":"D:\\Xampp\\htdocs\\bizwin-solutions\\wp-content\\plugins\\all-in-one-wp-migration\\lib\\vendor\\servmask\\filter\\class-ai1wm-recursive-newline-filter.php","line":28}

Jun 11 2024 06:59:55
{"type":8192,"message":"Return type of Ai1wm_Recursive_Newline_Filter::accept() should either be compatible with FilterIterator::accept(): bool, or the #[\\ReturnTypeWillChange] attribute should be used to temporarily suppress the notice","file":"D:\\Xampp\\htdocs\\bizwin-solutions\\wp-content\\plugins\\all-in-one-wp-migration\\lib\\vendor\\servmask\\filter\\class-ai1wm-recursive-newline-filter.php","line":28}

Jun 11 2024 06:59:56
{"type":8192,"message":"Return type of Ai1wm_Recursive_Newline_Filter::accept() should either be compatible with FilterIterator::accept(): bool, or the #[\\ReturnTypeWillChange] attribute should be used to temporarily suppress the notice","file":"D:\\Xampp\\htdocs\\bizwin-solutions\\wp-content\\plugins\\all-in-one-wp-migration\\lib\\vendor\\servmask\\filter\\class-ai1wm-recursive-newline-filter.php","line":28}

Jun 11 2024 07:00:01
{"type":8192,"message":"Return type of Ai1wm_Recursive_Newline_Filter::accept() should either be compatible with FilterIterator::accept(): bool, or the #[\\ReturnTypeWillChange] attribute should be used to temporarily suppress the notice","file":"D:\\Xampp\\htdocs\\bizwin-solutions\\wp-content\\plugins\\all-in-one-wp-migration\\lib\\vendor\\servmask\\filter\\class-ai1wm-recursive-newline-filter.php","line":28}

Jun 11 2024 07:00:01
{"type":8192,"message":"Return type of Ai1wm_Recursive_Newline_Filter::accept() should either be compatible with FilterIterator::accept(): bool, or the #[\\ReturnTypeWillChange] attribute should be used to temporarily suppress the notice","file":"D:\\Xampp\\htdocs\\bizwin-solutions\\wp-content\\plugins\\all-in-one-wp-migration\\lib\\vendor\\servmask\\filter\\class-ai1wm-recursive-newline-filter.php","line":28}

Jun 11 2024 07:00:12
{"type":8192,"message":"Return type of Ai1wm_Recursive_Newline_Filter::accept() should either be compatible with FilterIterator::accept(): bool, or the #[\\ReturnTypeWillChange] attribute should be used to temporarily suppress the notice","file":"D:\\Xampp\\htdocs\\bizwin-solutions\\wp-content\\plugins\\all-in-one-wp-migration\\lib\\vendor\\servmask\\filter\\class-ai1wm-recursive-newline-filter.php","line":28}

Jun 11 2024 07:00:22
{"type":8192,"message":"Return type of Ai1wm_Recursive_Newline_Filter::accept() should either be compatible with FilterIterator::accept(): bool, or the #[\\ReturnTypeWillChange] attribute should be used to temporarily suppress the notice","file":"D:\\Xampp\\htdocs\\bizwin-solutions\\wp-content\\plugins\\all-in-one-wp-migration\\lib\\vendor\\servmask\\filter\\class-ai1wm-recursive-newline-filter.php","line":28}

Jun 11 2024 07:00:33
{"type":8192,"message":"Return type of Ai1wm_Recursive_Newline_Filter::accept() should either be compatible with FilterIterator::accept(): bool, or the #[\\ReturnTypeWillChange] attribute should be used to temporarily suppress the notice","file":"D:\\Xampp\\htdocs\\bizwin-solutions\\wp-content\\plugins\\all-in-one-wp-migration\\lib\\vendor\\servmask\\filter\\class-ai1wm-recursive-newline-filter.php","line":28}

Jun 11 2024 07:00:43
{"type":8192,"message":"Return type of Ai1wm_Recursive_Newline_Filter::accept() should either be compatible with FilterIterator::accept(): bool, or the #[\\ReturnTypeWillChange] attribute should be used to temporarily suppress the notice","file":"D:\\Xampp\\htdocs\\bizwin-solutions\\wp-content\\plugins\\all-in-one-wp-migration\\lib\\vendor\\servmask\\filter\\class-ai1wm-recursive-newline-filter.php","line":28}

Jun 11 2024 07:00:50
{"type":8192,"message":"Return type of Ai1wm_Recursive_Newline_Filter::accept() should either be compatible with FilterIterator::accept(): bool, or the #[\\ReturnTypeWillChange] attribute should be used to temporarily suppress the notice","file":"D:\\Xampp\\htdocs\\bizwin-solutions\\wp-content\\plugins\\all-in-one-wp-migration\\lib\\vendor\\servmask\\filter\\class-ai1wm-recursive-newline-filter.php","line":28}

Jun 11 2024 07:00:50
{"type":8192,"message":"Return type of Ai1wm_Recursive_Newline_Filter::accept() should either be compatible with FilterIterator::accept(): bool, or the #[\\ReturnTypeWillChange] attribute should be used to temporarily suppress the notice","file":"D:\\Xampp\\htdocs\\bizwin-solutions\\wp-content\\plugins\\all-in-one-wp-migration\\lib\\vendor\\servmask\\filter\\class-ai1wm-recursive-newline-filter.php","line":28}

Jun 11 2024 07:00:51
{"Number":8192,"Message":"rtrim(): Passing null to parameter #1 ($string) of type string is deprecated","File":"D:\\Xampp\\htdocs\\bizwin-solutions\\wp-includes\\formatting.php","Line":2831}

Jun 11 2024 07:00:51
{"Number":8192,"Message":"rtrim(): Passing null to parameter #1 ($string) of type string is deprecated","File":"D:\\Xampp\\htdocs\\bizwin-solutions\\wp-includes\\formatting.php","Line":2831}

Jun 11 2024 07:00:51
{"Number":8192,"Message":"rtrim(): Passing null to parameter #1 ($string) of type string is deprecated","File":"D:\\Xampp\\htdocs\\bizwin-solutions\\wp-includes\\formatting.php","Line":2831}

Jun 11 2024 07:00:51
{"Number":8192,"Message":"rtrim(): Passing null to parameter #1 ($string) of type string is deprecated","File":"D:\\Xampp\\htdocs\\bizwin-solutions\\wp-includes\\formatting.php","Line":2831}

Jun 11 2024 07:00:51
{"Number":8192,"Message":"rtrim(): Passing null to parameter #1 ($string) of type string is deprecated","File":"D:\\Xampp\\htdocs\\bizwin-solutions\\wp-includes\\formatting.php","Line":2831}

Jun 11 2024 07:00:51
{"Number":8192,"Message":"rtrim(): Passing null to parameter #1 ($string) of type string is deprecated","File":"D:\\Xampp\\htdocs\\bizwin-solutions\\wp-includes\\formatting.php","Line":2831}

Jun 11 2024 07:00:51
{"Number":8192,"Message":"rtrim(): Passing null to parameter #1 ($string) of type string is deprecated","File":"D:\\Xampp\\htdocs\\bizwin-solutions\\wp-includes\\formatting.php","Line":2831}

Jun 11 2024 07:00:51
{"Number":8192,"Message":"rtrim(): Passing null to parameter #1 ($string) of type string is deprecated","File":"D:\\Xampp\\htdocs\\bizwin-solutions\\wp-includes\\formatting.php","Line":2831}

Jun 11 2024 07:00:51
{"Number":8192,"Message":"rtrim(): Passing null to parameter #1 ($string) of type string is deprecated","File":"D:\\Xampp\\htdocs\\bizwin-solutions\\wp-includes\\formatting.php","Line":2831}

Jun 11 2024 07:00:51
{"Number":8192,"Message":"rtrim(): Passing null to parameter #1 ($string) of type string is deprecated","File":"D:\\Xampp\\htdocs\\bizwin-solutions\\wp-includes\\formatting.php","Line":2831}

Jun 11 2024 07:00:51
{"Number":8192,"Message":"rtrim(): Passing null to parameter #1 ($string) of type string is deprecated","File":"D:\\Xampp\\htdocs\\bizwin-solutions\\wp-includes\\formatting.php","Line":2831}

Jun 11 2024 07:00:51
{"Number":8192,"Message":"rtrim(): Passing null to parameter #1 ($string) of type string is deprecated","File":"D:\\Xampp\\htdocs\\bizwin-solutions\\wp-includes\\formatting.php","Line":2831}

Jun 11 2024 07:00:51
{"Number":8192,"Message":"rtrim(): Passing null to parameter #1 ($string) of type string is deprecated","File":"D:\\Xampp\\htdocs\\bizwin-solutions\\wp-includes\\formatting.php","Line":2831}

Jun 11 2024 07:00:51
{"Number":8192,"Message":"rtrim(): Passing null to parameter #1 ($string) of type string is deprecated","File":"D:\\Xampp\\htdocs\\bizwin-solutions\\wp-includes\\formatting.php","Line":2831}

Jun 11 2024 07:00:51
{"Number":8192,"Message":"rtrim(): Passing null to parameter #1 ($string) of type string is deprecated","File":"D:\\Xampp\\htdocs\\bizwin-solutions\\wp-includes\\formatting.php","Line":2831}

Jun 11 2024 07:00:51
{"Number":8192,"Message":"rtrim(): Passing null to parameter #1 ($string) of type string is deprecated","File":"D:\\Xampp\\htdocs\\bizwin-solutions\\wp-includes\\formatting.php","Line":2831}

Jun 11 2024 07:00:51
{"Number":8192,"Message":"rtrim(): Passing null to parameter #1 ($string) of type string is deprecated","File":"D:\\Xampp\\htdocs\\bizwin-solutions\\wp-includes\\formatting.php","Line":2831}

Jun 11 2024 07:00:51
{"Number":8192,"Message":"rtrim(): Passing null to parameter #1 ($string) of type string is deprecated","File":"D:\\Xampp\\htdocs\\bizwin-solutions\\wp-includes\\formatting.php","Line":2831}

Jun 11 2024 07:00:51
{"Number":8192,"Message":"rtrim(): Passing null to parameter #1 ($string) of type string is deprecated","File":"D:\\Xampp\\htdocs\\bizwin-solutions\\wp-includes\\formatting.php","Line":2831}

Jun 11 2024 07:00:51
{"Number":8192,"Message":"rtrim(): Passing null to parameter #1 ($string) of type string is deprecated","File":"D:\\Xampp\\htdocs\\bizwin-solutions\\wp-includes\\formatting.php","Line":2831}

Jun 11 2024 07:00:51
{"Number":8192,"Message":"rtrim(): Passing null to parameter #1 ($string) of type string is deprecated","File":"D:\\Xampp\\htdocs\\bizwin-solutions\\wp-includes\\formatting.php","Line":2831}

Jun 11 2024 07:00:51
{"Number":8192,"Message":"rtrim(): Passing null to parameter #1 ($string) of type string is deprecated","File":"D:\\Xampp\\htdocs\\bizwin-solutions\\wp-includes\\formatting.php","Line":2831}

Jun 11 2024 07:00:51
{"Number":8192,"Message":"rtrim(): Passing null to parameter #1 ($string) of type string is deprecated","File":"D:\\Xampp\\htdocs\\bizwin-solutions\\wp-includes\\formatting.php","Line":2831}

Jun 11 2024 07:00:51
{"Number":8192,"Message":"rtrim(): Passing null to parameter #1 ($string) of type string is deprecated","File":"D:\\Xampp\\htdocs\\bizwin-solutions\\wp-includes\\formatting.php","Line":2831}

Jun 11 2024 07:00:51
{"Number":8192,"Message":"rtrim(): Passing null to parameter #1 ($string) of type string is deprecated","File":"D:\\Xampp\\htdocs\\bizwin-solutions\\wp-includes\\formatting.php","Line":2831}

Jun 11 2024 07:00:51
{"Number":8192,"Message":"rtrim(): Passing null to parameter #1 ($string) of type string is deprecated","File":"D:\\Xampp\\htdocs\\bizwin-solutions\\wp-includes\\formatting.php","Line":2831}

Jun 11 2024 07:00:51
{"Number":8192,"Message":"rtrim(): Passing null to parameter #1 ($string) of type string is deprecated","File":"D:\\Xampp\\htdocs\\bizwin-solutions\\wp-includes\\formatting.php","Line":2831}

Jun 11 2024 07:00:51
{"Number":8192,"Message":"rtrim(): Passing null to parameter #1 ($string) of type string is deprecated","File":"D:\\Xampp\\htdocs\\bizwin-solutions\\wp-includes\\formatting.php","Line":2831}

Jun 11 2024 07:00:51
{"Number":8192,"Message":"rtrim(): Passing null to parameter #1 ($string) of type string is deprecated","File":"D:\\Xampp\\htdocs\\bizwin-solutions\\wp-includes\\formatting.php","Line":2831}

Jun 11 2024 07:00:51
{"Number":8192,"Message":"rtrim(): Passing null to parameter #1 ($string) of type string is deprecated","File":"D:\\Xampp\\htdocs\\bizwin-solutions\\wp-includes\\formatting.php","Line":2831}

Jun 11 2024 07:00:51
{"Number":8192,"Message":"Creation of dynamic property Ai1wm_Database_Mysqli::$old_replace_raw_values is deprecated","File":"D:\\Xampp\\htdocs\\bizwin-solutions\\wp-content\\plugins\\all-in-one-wp-migration\\lib\\vendor\\servmask\\database\\class-ai1wm-database.php","Line":300}

Jun 11 2024 07:00:51
{"Number":8192,"Message":"Creation of dynamic property Ai1wm_Database_Mysqli::$new_replace_raw_values is deprecated","File":"D:\\Xampp\\htdocs\\bizwin-solutions\\wp-content\\plugins\\all-in-one-wp-migration\\lib\\vendor\\servmask\\database\\class-ai1wm-database.php","Line":321}

Jun 11 2024 07:01:02
{"type":8192,"message":"Return type of Ai1wm_Recursive_Newline_Filter::accept() should either be compatible with FilterIterator::accept(): bool, or the #[\\ReturnTypeWillChange] attribute should be used to temporarily suppress the notice","file":"D:\\Xampp\\htdocs\\bizwin-solutions\\wp-content\\plugins\\all-in-one-wp-migration\\lib\\vendor\\servmask\\filter\\class-ai1wm-recursive-newline-filter.php","line":28}

Jun 11 2024 07:01:02
{"Number":8192,"Message":"rtrim(): Passing null to parameter #1 ($string) of type string is deprecated","File":"D:\\Xampp\\htdocs\\bizwin-solutions\\wp-includes\\formatting.php","Line":2831}

Jun 11 2024 07:01:02
{"Number":8192,"Message":"rtrim(): Passing null to parameter #1 ($string) of type string is deprecated","File":"D:\\Xampp\\htdocs\\bizwin-solutions\\wp-includes\\formatting.php","Line":2831}

Jun 11 2024 07:01:02
{"Number":8192,"Message":"rtrim(): Passing null to parameter #1 ($string) of type string is deprecated","File":"D:\\Xampp\\htdocs\\bizwin-solutions\\wp-includes\\formatting.php","Line":2831}

Jun 11 2024 07:01:02
{"Number":8192,"Message":"rtrim(): Passing null to parameter #1 ($string) of type string is deprecated","File":"D:\\Xampp\\htdocs\\bizwin-solutions\\wp-includes\\formatting.php","Line":2831}

Jun 11 2024 07:01:02
{"Number":8192,"Message":"rtrim(): Passing null to parameter #1 ($string) of type string is deprecated","File":"D:\\Xampp\\htdocs\\bizwin-solutions\\wp-includes\\formatting.php","Line":2831}

Jun 11 2024 07:01:02
{"Number":8192,"Message":"rtrim(): Passing null to parameter #1 ($string) of type string is deprecated","File":"D:\\Xampp\\htdocs\\bizwin-solutions\\wp-includes\\formatting.php","Line":2831}

Jun 11 2024 07:01:02
{"Number":8192,"Message":"rtrim(): Passing null to parameter #1 ($string) of type string is deprecated","File":"D:\\Xampp\\htdocs\\bizwin-solutions\\wp-includes\\formatting.php","Line":2831}

Jun 11 2024 07:01:02
{"Number":8192,"Message":"rtrim(): Passing null to parameter #1 ($string) of type string is deprecated","File":"D:\\Xampp\\htdocs\\bizwin-solutions\\wp-includes\\formatting.php","Line":2831}

Jun 11 2024 07:01:02
{"Number":8192,"Message":"rtrim(): Passing null to parameter #1 ($string) of type string is deprecated","File":"D:\\Xampp\\htdocs\\bizwin-solutions\\wp-includes\\formatting.php","Line":2831}

Jun 11 2024 07:01:02
{"Number":8192,"Message":"rtrim(): Passing null to parameter #1 ($string) of type string is deprecated","File":"D:\\Xampp\\htdocs\\bizwin-solutions\\wp-includes\\formatting.php","Line":2831}

Jun 11 2024 07:01:02
{"Number":8192,"Message":"rtrim(): Passing null to parameter #1 ($string) of type string is deprecated","File":"D:\\Xampp\\htdocs\\bizwin-solutions\\wp-includes\\formatting.php","Line":2831}

Jun 11 2024 07:01:02
{"Number":8192,"Message":"rtrim(): Passing null to parameter #1 ($string) of type string is deprecated","File":"D:\\Xampp\\htdocs\\bizwin-solutions\\wp-includes\\formatting.php","Line":2831}

Jun 11 2024 07:01:02
{"Number":8192,"Message":"rtrim(): Passing null to parameter #1 ($string) of type string is deprecated","File":"D:\\Xampp\\htdocs\\bizwin-solutions\\wp-includes\\formatting.php","Line":2831}

Jun 11 2024 07:01:02
{"Number":8192,"Message":"rtrim(): Passing null to parameter #1 ($string) of type string is deprecated","File":"D:\\Xampp\\htdocs\\bizwin-solutions\\wp-includes\\formatting.php","Line":2831}

Jun 11 2024 07:01:02
{"Number":8192,"Message":"rtrim(): Passing null to parameter #1 ($string) of type string is deprecated","File":"D:\\Xampp\\htdocs\\bizwin-solutions\\wp-includes\\formatting.php","Line":2831}

Jun 11 2024 07:01:02
{"Number":8192,"Message":"rtrim(): Passing null to parameter #1 ($string) of type string is deprecated","File":"D:\\Xampp\\htdocs\\bizwin-solutions\\wp-includes\\formatting.php","Line":2831}

Jun 11 2024 07:01:02
{"Number":8192,"Message":"rtrim(): Passing null to parameter #1 ($string) of type string is deprecated","File":"D:\\Xampp\\htdocs\\bizwin-solutions\\wp-includes\\formatting.php","Line":2831}

Jun 11 2024 07:01:02
{"Number":8192,"Message":"rtrim(): Passing null to parameter #1 ($string) of type string is deprecated","File":"D:\\Xampp\\htdocs\\bizwin-solutions\\wp-includes\\formatting.php","Line":2831}

Jun 11 2024 07:01:02
{"Number":8192,"Message":"rtrim(): Passing null to parameter #1 ($string) of type string is deprecated","File":"D:\\Xampp\\htdocs\\bizwin-solutions\\wp-includes\\formatting.php","Line":2831}

Jun 11 2024 07:01:02
{"Number":8192,"Message":"rtrim(): Passing null to parameter #1 ($string) of type string is deprecated","File":"D:\\Xampp\\htdocs\\bizwin-solutions\\wp-includes\\formatting.php","Line":2831}

Jun 11 2024 07:01:02
{"Number":8192,"Message":"rtrim(): Passing null to parameter #1 ($string) of type string is deprecated","File":"D:\\Xampp\\htdocs\\bizwin-solutions\\wp-includes\\formatting.php","Line":2831}

Jun 11 2024 07:01:02
{"Number":8192,"Message":"rtrim(): Passing null to parameter #1 ($string) of type string is deprecated","File":"D:\\Xampp\\htdocs\\bizwin-solutions\\wp-includes\\formatting.php","Line":2831}

Jun 11 2024 07:01:02
{"Number":8192,"Message":"rtrim(): Passing null to parameter #1 ($string) of type string is deprecated","File":"D:\\Xampp\\htdocs\\bizwin-solutions\\wp-includes\\formatting.php","Line":2831}

Jun 11 2024 07:01:02
{"Number":8192,"Message":"rtrim(): Passing null to parameter #1 ($string) of type string is deprecated","File":"D:\\Xampp\\htdocs\\bizwin-solutions\\wp-includes\\formatting.php","Line":2831}

Jun 11 2024 07:01:02
{"Number":8192,"Message":"rtrim(): Passing null to parameter #1 ($string) of type string is deprecated","File":"D:\\Xampp\\htdocs\\bizwin-solutions\\wp-includes\\formatting.php","Line":2831}

Jun 11 2024 07:01:02
{"Number":8192,"Message":"rtrim(): Passing null to parameter #1 ($string) of type string is deprecated","File":"D:\\Xampp\\htdocs\\bizwin-solutions\\wp-includes\\formatting.php","Line":2831}

Jun 11 2024 07:01:02
{"Number":8192,"Message":"rtrim(): Passing null to parameter #1 ($string) of type string is deprecated","File":"D:\\Xampp\\htdocs\\bizwin-solutions\\wp-includes\\formatting.php","Line":2831}

Jun 11 2024 07:01:02
{"Number":8192,"Message":"rtrim(): Passing null to parameter #1 ($string) of type string is deprecated","File":"D:\\Xampp\\htdocs\\bizwin-solutions\\wp-includes\\formatting.php","Line":2831}

Jun 11 2024 07:01:02
{"Number":8192,"Message":"rtrim(): Passing null to parameter #1 ($string) of type string is deprecated","File":"D:\\Xampp\\htdocs\\bizwin-solutions\\wp-includes\\formatting.php","Line":2831}

Jun 11 2024 07:01:02
{"Number":8192,"Message":"rtrim(): Passing null to parameter #1 ($string) of type string is deprecated","File":"D:\\Xampp\\htdocs\\bizwin-solutions\\wp-includes\\formatting.php","Line":2831}

Jun 11 2024 07:01:02
{"Number":8192,"Message":"Creation of dynamic property Ai1wm_Database_Mysqli::$old_replace_raw_values is deprecated","File":"D:\\Xampp\\htdocs\\bizwin-solutions\\wp-content\\plugins\\all-in-one-wp-migration\\lib\\vendor\\servmask\\database\\class-ai1wm-database.php","Line":300}

Jun 11 2024 07:01:02
{"Number":8192,"Message":"Creation of dynamic property Ai1wm_Database_Mysqli::$new_replace_raw_values is deprecated","File":"D:\\Xampp\\htdocs\\bizwin-solutions\\wp-content\\plugins\\all-in-one-wp-migration\\lib\\vendor\\servmask\\database\\class-ai1wm-database.php","Line":321}

Jun 11 2024 07:01:13
{"type":8192,"message":"Return type of Ai1wm_Recursive_Newline_Filter::accept() should either be compatible with FilterIterator::accept(): bool, or the #[\\ReturnTypeWillChange] attribute should be used to temporarily suppress the notice","file":"D:\\Xampp\\htdocs\\bizwin-solutions\\wp-content\\plugins\\all-in-one-wp-migration\\lib\\vendor\\servmask\\filter\\class-ai1wm-recursive-newline-filter.php","line":28}

Jun 11 2024 07:01:15
{"Number":8192,"Message":"rtrim(): Passing null to parameter #1 ($string) of type string is deprecated","File":"D:\\Xampp\\htdocs\\bizwin-solutions\\wp-includes\\formatting.php","Line":2831}

Jun 11 2024 07:01:15
{"Number":8192,"Message":"rtrim(): Passing null to parameter #1 ($string) of type string is deprecated","File":"D:\\Xampp\\htdocs\\bizwin-solutions\\wp-includes\\formatting.php","Line":2831}

Jun 11 2024 07:01:15
{"Number":8192,"Message":"rtrim(): Passing null to parameter #1 ($string) of type string is deprecated","File":"D:\\Xampp\\htdocs\\bizwin-solutions\\wp-includes\\formatting.php","Line":2831}

Jun 11 2024 07:01:15
{"Number":8192,"Message":"rtrim(): Passing null to parameter #1 ($string) of type string is deprecated","File":"D:\\Xampp\\htdocs\\bizwin-solutions\\wp-includes\\formatting.php","Line":2831}

Jun 11 2024 07:01:15
{"Number":8192,"Message":"rtrim(): Passing null to parameter #1 ($string) of type string is deprecated","File":"D:\\Xampp\\htdocs\\bizwin-solutions\\wp-includes\\formatting.php","Line":2831}

Jun 11 2024 07:01:15
{"Number":8192,"Message":"rtrim(): Passing null to parameter #1 ($string) of type string is deprecated","File":"D:\\Xampp\\htdocs\\bizwin-solutions\\wp-includes\\formatting.php","Line":2831}

Jun 11 2024 07:01:15
{"Number":8192,"Message":"rtrim(): Passing null to parameter #1 ($string) of type string is deprecated","File":"D:\\Xampp\\htdocs\\bizwin-solutions\\wp-includes\\formatting.php","Line":2831}

Jun 11 2024 07:01:15
{"Number":8192,"Message":"rtrim(): Passing null to parameter #1 ($string) of type string is deprecated","File":"D:\\Xampp\\htdocs\\bizwin-solutions\\wp-includes\\formatting.php","Line":2831}

Jun 11 2024 07:01:15
{"Number":8192,"Message":"rtrim(): Passing null to parameter #1 ($string) of type string is deprecated","File":"D:\\Xampp\\htdocs\\bizwin-solutions\\wp-includes\\formatting.php","Line":2831}

Jun 11 2024 07:01:15
{"Number":8192,"Message":"rtrim(): Passing null to parameter #1 ($string) of type string is deprecated","File":"D:\\Xampp\\htdocs\\bizwin-solutions\\wp-includes\\formatting.php","Line":2831}

Jun 11 2024 07:01:15
{"Number":8192,"Message":"rtrim(): Passing null to parameter #1 ($string) of type string is deprecated","File":"D:\\Xampp\\htdocs\\bizwin-solutions\\wp-includes\\formatting.php","Line":2831}

Jun 11 2024 07:01:15
{"Number":8192,"Message":"rtrim(): Passing null to parameter #1 ($string) of type string is deprecated","File":"D:\\Xampp\\htdocs\\bizwin-solutions\\wp-includes\\formatting.php","Line":2831}

Jun 11 2024 07:01:15
{"Number":8192,"Message":"rtrim(): Passing null to parameter #1 ($string) of type string is deprecated","File":"D:\\Xampp\\htdocs\\bizwin-solutions\\wp-includes\\formatting.php","Line":2831}

Jun 11 2024 07:01:15
{"Number":8192,"Message":"rtrim(): Passing null to parameter #1 ($string) of type string is deprecated","File":"D:\\Xampp\\htdocs\\bizwin-solutions\\wp-includes\\formatting.php","Line":2831}

Jun 11 2024 07:01:15
{"Number":8192,"Message":"rtrim(): Passing null to parameter #1 ($string) of type string is deprecated","File":"D:\\Xampp\\htdocs\\bizwin-solutions\\wp-includes\\formatting.php","Line":2831}

Jun 11 2024 07:01:15
{"Number":8192,"Message":"rtrim(): Passing null to parameter #1 ($string) of type string is deprecated","File":"D:\\Xampp\\htdocs\\bizwin-solutions\\wp-includes\\formatting.php","Line":2831}

Jun 11 2024 07:01:15
{"Number":8192,"Message":"rtrim(): Passing null to parameter #1 ($string) of type string is deprecated","File":"D:\\Xampp\\htdocs\\bizwin-solutions\\wp-includes\\formatting.php","Line":2831}

Jun 11 2024 07:01:15
{"Number":8192,"Message":"rtrim(): Passing null to parameter #1 ($string) of type string is deprecated","File":"D:\\Xampp\\htdocs\\bizwin-solutions\\wp-includes\\formatting.php","Line":2831}

Jun 11 2024 07:01:15
{"Number":8192,"Message":"rtrim(): Passing null to parameter #1 ($string) of type string is deprecated","File":"D:\\Xampp\\htdocs\\bizwin-solutions\\wp-includes\\formatting.php","Line":2831}

Jun 11 2024 07:01:15
{"Number":8192,"Message":"rtrim(): Passing null to parameter #1 ($string) of type string is deprecated","File":"D:\\Xampp\\htdocs\\bizwin-solutions\\wp-includes\\formatting.php","Line":2831}

Jun 11 2024 07:01:15
{"Number":8192,"Message":"rtrim(): Passing null to parameter #1 ($string) of type string is deprecated","File":"D:\\Xampp\\htdocs\\bizwin-solutions\\wp-includes\\formatting.php","Line":2831}

Jun 11 2024 07:01:15
{"Number":8192,"Message":"rtrim(): Passing null to parameter #1 ($string) of type string is deprecated","File":"D:\\Xampp\\htdocs\\bizwin-solutions\\wp-includes\\formatting.php","Line":2831}

Jun 11 2024 07:01:15
{"Number":8192,"Message":"rtrim(): Passing null to parameter #1 ($string) of type string is deprecated","File":"D:\\Xampp\\htdocs\\bizwin-solutions\\wp-includes\\formatting.php","Line":2831}

Jun 11 2024 07:01:15
{"Number":8192,"Message":"rtrim(): Passing null to parameter #1 ($string) of type string is deprecated","File":"D:\\Xampp\\htdocs\\bizwin-solutions\\wp-includes\\formatting.php","Line":2831}

Jun 11 2024 07:01:15
{"Number":8192,"Message":"rtrim(): Passing null to parameter #1 ($string) of type string is deprecated","File":"D:\\Xampp\\htdocs\\bizwin-solutions\\wp-includes\\formatting.php","Line":2831}

Jun 11 2024 07:01:15
{"Number":8192,"Message":"rtrim(): Passing null to parameter #1 ($string) of type string is deprecated","File":"D:\\Xampp\\htdocs\\bizwin-solutions\\wp-includes\\formatting.php","Line":2831}

Jun 11 2024 07:01:15
{"Number":8192,"Message":"rtrim(): Passing null to parameter #1 ($string) of type string is deprecated","File":"D:\\Xampp\\htdocs\\bizwin-solutions\\wp-includes\\formatting.php","Line":2831}

Jun 11 2024 07:01:15
{"Number":8192,"Message":"rtrim(): Passing null to parameter #1 ($string) of type string is deprecated","File":"D:\\Xampp\\htdocs\\bizwin-solutions\\wp-includes\\formatting.php","Line":2831}

Jun 11 2024 07:01:15
{"Number":8192,"Message":"rtrim(): Passing null to parameter #1 ($string) of type string is deprecated","File":"D:\\Xampp\\htdocs\\bizwin-solutions\\wp-includes\\formatting.php","Line":2831}

Jun 11 2024 07:01:15
{"Number":8192,"Message":"rtrim(): Passing null to parameter #1 ($string) of type string is deprecated","File":"D:\\Xampp\\htdocs\\bizwin-solutions\\wp-includes\\formatting.php","Line":2831}

Jun 11 2024 07:01:15
{"Number":8192,"Message":"Creation of dynamic property Ai1wm_Database_Mysqli::$old_replace_raw_values is deprecated","File":"D:\\Xampp\\htdocs\\bizwin-solutions\\wp-content\\plugins\\all-in-one-wp-migration\\lib\\vendor\\servmask\\database\\class-ai1wm-database.php","Line":300}

Jun 11 2024 07:01:15
{"Number":8192,"Message":"Creation of dynamic property Ai1wm_Database_Mysqli::$new_replace_raw_values is deprecated","File":"D:\\Xampp\\htdocs\\bizwin-solutions\\wp-content\\plugins\\all-in-one-wp-migration\\lib\\vendor\\servmask\\database\\class-ai1wm-database.php","Line":321}

Jun 11 2024 07:01:26
{"type":8192,"message":"Return type of Ai1wm_Recursive_Newline_Filter::accept() should either be compatible with FilterIterator::accept(): bool, or the #[\\ReturnTypeWillChange] attribute should be used to temporarily suppress the notice","file":"D:\\Xampp\\htdocs\\bizwin-solutions\\wp-content\\plugins\\all-in-one-wp-migration\\lib\\vendor\\servmask\\filter\\class-ai1wm-recursive-newline-filter.php","line":28}

Jun 11 2024 07:01:27
{"Number":8192,"Message":"rtrim(): Passing null to parameter #1 ($string) of type string is deprecated","File":"D:\\Xampp\\htdocs\\bizwin-solutions\\wp-includes\\formatting.php","Line":2831}

Jun 11 2024 07:01:27
{"Number":8192,"Message":"rtrim(): Passing null to parameter #1 ($string) of type string is deprecated","File":"D:\\Xampp\\htdocs\\bizwin-solutions\\wp-includes\\formatting.php","Line":2831}

Jun 11 2024 07:01:27
{"Number":8192,"Message":"rtrim(): Passing null to parameter #1 ($string) of type string is deprecated","File":"D:\\Xampp\\htdocs\\bizwin-solutions\\wp-includes\\formatting.php","Line":2831}

Jun 11 2024 07:01:27
{"Number":8192,"Message":"rtrim(): Passing null to parameter #1 ($string) of type string is deprecated","File":"D:\\Xampp\\htdocs\\bizwin-solutions\\wp-includes\\formatting.php","Line":2831}

Jun 11 2024 07:01:27
{"Number":8192,"Message":"rtrim(): Passing null to parameter #1 ($string) of type string is deprecated","File":"D:\\Xampp\\htdocs\\bizwin-solutions\\wp-includes\\formatting.php","Line":2831}

Jun 11 2024 07:01:27
{"Number":8192,"Message":"rtrim(): Passing null to parameter #1 ($string) of type string is deprecated","File":"D:\\Xampp\\htdocs\\bizwin-solutions\\wp-includes\\formatting.php","Line":2831}

Jun 11 2024 07:01:27
{"Number":8192,"Message":"rtrim(): Passing null to parameter #1 ($string) of type string is deprecated","File":"D:\\Xampp\\htdocs\\bizwin-solutions\\wp-includes\\formatting.php","Line":2831}

Jun 11 2024 07:01:27
{"Number":8192,"Message":"rtrim(): Passing null to parameter #1 ($string) of type string is deprecated","File":"D:\\Xampp\\htdocs\\bizwin-solutions\\wp-includes\\formatting.php","Line":2831}

Jun 11 2024 07:01:27
{"Number":8192,"Message":"rtrim(): Passing null to parameter #1 ($string) of type string is deprecated","File":"D:\\Xampp\\htdocs\\bizwin-solutions\\wp-includes\\formatting.php","Line":2831}

Jun 11 2024 07:01:27
{"Number":8192,"Message":"rtrim(): Passing null to parameter #1 ($string) of type string is deprecated","File":"D:\\Xampp\\htdocs\\bizwin-solutions\\wp-includes\\formatting.php","Line":2831}

Jun 11 2024 07:01:27
{"Number":8192,"Message":"rtrim(): Passing null to parameter #1 ($string) of type string is deprecated","File":"D:\\Xampp\\htdocs\\bizwin-solutions\\wp-includes\\formatting.php","Line":2831}

Jun 11 2024 07:01:27
{"Number":8192,"Message":"rtrim(): Passing null to parameter #1 ($string) of type string is deprecated","File":"D:\\Xampp\\htdocs\\bizwin-solutions\\wp-includes\\formatting.php","Line":2831}

Jun 11 2024 07:01:27
{"Number":8192,"Message":"rtrim(): Passing null to parameter #1 ($string) of type string is deprecated","File":"D:\\Xampp\\htdocs\\bizwin-solutions\\wp-includes\\formatting.php","Line":2831}

Jun 11 2024 07:01:27
{"Number":8192,"Message":"rtrim(): Passing null to parameter #1 ($string) of type string is deprecated","File":"D:\\Xampp\\htdocs\\bizwin-solutions\\wp-includes\\formatting.php","Line":2831}

Jun 11 2024 07:01:27
{"Number":8192,"Message":"rtrim(): Passing null to parameter #1 ($string) of type string is deprecated","File":"D:\\Xampp\\htdocs\\bizwin-solutions\\wp-includes\\formatting.php","Line":2831}

Jun 11 2024 07:01:27
{"Number":8192,"Message":"rtrim(): Passing null to parameter #1 ($string) of type string is deprecated","File":"D:\\Xampp\\htdocs\\bizwin-solutions\\wp-includes\\formatting.php","Line":2831}

Jun 11 2024 07:01:27
{"Number":8192,"Message":"rtrim(): Passing null to parameter #1 ($string) of type string is deprecated","File":"D:\\Xampp\\htdocs\\bizwin-solutions\\wp-includes\\formatting.php","Line":2831}

Jun 11 2024 07:01:27
{"Number":8192,"Message":"rtrim(): Passing null to parameter #1 ($string) of type string is deprecated","File":"D:\\Xampp\\htdocs\\bizwin-solutions\\wp-includes\\formatting.php","Line":2831}

Jun 11 2024 07:01:27
{"Number":8192,"Message":"rtrim(): Passing null to parameter #1 ($string) of type string is deprecated","File":"D:\\Xampp\\htdocs\\bizwin-solutions\\wp-includes\\formatting.php","Line":2831}

Jun 11 2024 07:01:27
{"Number":8192,"Message":"rtrim(): Passing null to parameter #1 ($string) of type string is deprecated","File":"D:\\Xampp\\htdocs\\bizwin-solutions\\wp-includes\\formatting.php","Line":2831}

Jun 11 2024 07:01:27
{"Number":8192,"Message":"rtrim(): Passing null to parameter #1 ($string) of type string is deprecated","File":"D:\\Xampp\\htdocs\\bizwin-solutions\\wp-includes\\formatting.php","Line":2831}

Jun 11 2024 07:01:27
{"Number":8192,"Message":"rtrim(): Passing null to parameter #1 ($string) of type string is deprecated","File":"D:\\Xampp\\htdocs\\bizwin-solutions\\wp-includes\\formatting.php","Line":2831}

Jun 11 2024 07:01:27
{"Number":8192,"Message":"rtrim(): Passing null to parameter #1 ($string) of type string is deprecated","File":"D:\\Xampp\\htdocs\\bizwin-solutions\\wp-includes\\formatting.php","Line":2831}

Jun 11 2024 07:01:27
{"Number":8192,"Message":"rtrim(): Passing null to parameter #1 ($string) of type string is deprecated","File":"D:\\Xampp\\htdocs\\bizwin-solutions\\wp-includes\\formatting.php","Line":2831}

Jun 11 2024 07:01:27
{"Number":8192,"Message":"rtrim(): Passing null to parameter #1 ($string) of type string is deprecated","File":"D:\\Xampp\\htdocs\\bizwin-solutions\\wp-includes\\formatting.php","Line":2831}

Jun 11 2024 07:01:27
{"Number":8192,"Message":"rtrim(): Passing null to parameter #1 ($string) of type string is deprecated","File":"D:\\Xampp\\htdocs\\bizwin-solutions\\wp-includes\\formatting.php","Line":2831}

Jun 11 2024 07:01:27
{"Number":8192,"Message":"rtrim(): Passing null to parameter #1 ($string) of type string is deprecated","File":"D:\\Xampp\\htdocs\\bizwin-solutions\\wp-includes\\formatting.php","Line":2831}

Jun 11 2024 07:01:27
{"Number":8192,"Message":"rtrim(): Passing null to parameter #1 ($string) of type string is deprecated","File":"D:\\Xampp\\htdocs\\bizwin-solutions\\wp-includes\\formatting.php","Line":2831}

Jun 11 2024 07:01:27
{"Number":8192,"Message":"rtrim(): Passing null to parameter #1 ($string) of type string is deprecated","File":"D:\\Xampp\\htdocs\\bizwin-solutions\\wp-includes\\formatting.php","Line":2831}

Jun 11 2024 07:01:27
{"Number":8192,"Message":"rtrim(): Passing null to parameter #1 ($string) of type string is deprecated","File":"D:\\Xampp\\htdocs\\bizwin-solutions\\wp-includes\\formatting.php","Line":2831}

Jun 11 2024 07:01:27
{"Number":8192,"Message":"Creation of dynamic property Ai1wm_Database_Mysqli::$old_replace_raw_values is deprecated","File":"D:\\Xampp\\htdocs\\bizwin-solutions\\wp-content\\plugins\\all-in-one-wp-migration\\lib\\vendor\\servmask\\database\\class-ai1wm-database.php","Line":300}

Jun 11 2024 07:01:27
{"Number":8192,"Message":"Creation of dynamic property Ai1wm_Database_Mysqli::$new_replace_raw_values is deprecated","File":"D:\\Xampp\\htdocs\\bizwin-solutions\\wp-content\\plugins\\all-in-one-wp-migration\\lib\\vendor\\servmask\\database\\class-ai1wm-database.php","Line":321}

Jun 11 2024 07:01:39
{"type":8192,"message":"Return type of Ai1wm_Recursive_Newline_Filter::accept() should either be compatible with FilterIterator::accept(): bool, or the #[\\ReturnTypeWillChange] attribute should be used to temporarily suppress the notice","file":"D:\\Xampp\\htdocs\\bizwin-solutions\\wp-content\\plugins\\all-in-one-wp-migration\\lib\\vendor\\servmask\\filter\\class-ai1wm-recursive-newline-filter.php","line":28}

Jun 11 2024 07:01:39
{"Number":8192,"Message":"rtrim(): Passing null to parameter #1 ($string) of type string is deprecated","File":"D:\\Xampp\\htdocs\\bizwin-solutions\\wp-includes\\formatting.php","Line":2831}

Jun 11 2024 07:01:39
{"Number":8192,"Message":"rtrim(): Passing null to parameter #1 ($string) of type string is deprecated","File":"D:\\Xampp\\htdocs\\bizwin-solutions\\wp-includes\\formatting.php","Line":2831}

Jun 11 2024 07:01:39
{"Number":8192,"Message":"rtrim(): Passing null to parameter #1 ($string) of type string is deprecated","File":"D:\\Xampp\\htdocs\\bizwin-solutions\\wp-includes\\formatting.php","Line":2831}

Jun 11 2024 07:01:39
{"Number":8192,"Message":"rtrim(): Passing null to parameter #1 ($string) of type string is deprecated","File":"D:\\Xampp\\htdocs\\bizwin-solutions\\wp-includes\\formatting.php","Line":2831}

Jun 11 2024 07:01:39
{"Number":8192,"Message":"rtrim(): Passing null to parameter #1 ($string) of type string is deprecated","File":"D:\\Xampp\\htdocs\\bizwin-solutions\\wp-includes\\formatting.php","Line":2831}

Jun 11 2024 07:01:39
{"Number":8192,"Message":"rtrim(): Passing null to parameter #1 ($string) of type string is deprecated","File":"D:\\Xampp\\htdocs\\bizwin-solutions\\wp-includes\\formatting.php","Line":2831}

Jun 11 2024 07:01:39
{"Number":8192,"Message":"rtrim(): Passing null to parameter #1 ($string) of type string is deprecated","File":"D:\\Xampp\\htdocs\\bizwin-solutions\\wp-includes\\formatting.php","Line":2831}

Jun 11 2024 07:01:39
{"Number":8192,"Message":"rtrim(): Passing null to parameter #1 ($string) of type string is deprecated","File":"D:\\Xampp\\htdocs\\bizwin-solutions\\wp-includes\\formatting.php","Line":2831}

Jun 11 2024 07:01:39
{"Number":8192,"Message":"rtrim(): Passing null to parameter #1 ($string) of type string is deprecated","File":"D:\\Xampp\\htdocs\\bizwin-solutions\\wp-includes\\formatting.php","Line":2831}

Jun 11 2024 07:01:39
{"Number":8192,"Message":"rtrim(): Passing null to parameter #1 ($string) of type string is deprecated","File":"D:\\Xampp\\htdocs\\bizwin-solutions\\wp-includes\\formatting.php","Line":2831}

Jun 11 2024 07:01:39
{"Number":8192,"Message":"rtrim(): Passing null to parameter #1 ($string) of type string is deprecated","File":"D:\\Xampp\\htdocs\\bizwin-solutions\\wp-includes\\formatting.php","Line":2831}

Jun 11 2024 07:01:39
{"Number":8192,"Message":"rtrim(): Passing null to parameter #1 ($string) of type string is deprecated","File":"D:\\Xampp\\htdocs\\bizwin-solutions\\wp-includes\\formatting.php","Line":2831}

Jun 11 2024 07:01:39
{"Number":8192,"Message":"rtrim(): Passing null to parameter #1 ($string) of type string is deprecated","File":"D:\\Xampp\\htdocs\\bizwin-solutions\\wp-includes\\formatting.php","Line":2831}

Jun 11 2024 07:01:39
{"Number":8192,"Message":"rtrim(): Passing null to parameter #1 ($string) of type string is deprecated","File":"D:\\Xampp\\htdocs\\bizwin-solutions\\wp-includes\\formatting.php","Line":2831}

Jun 11 2024 07:01:39
{"Number":8192,"Message":"rtrim(): Passing null to parameter #1 ($string) of type string is deprecated","File":"D:\\Xampp\\htdocs\\bizwin-solutions\\wp-includes\\formatting.php","Line":2831}

Jun 11 2024 07:01:39
{"Number":8192,"Message":"rtrim(): Passing null to parameter #1 ($string) of type string is deprecated","File":"D:\\Xampp\\htdocs\\bizwin-solutions\\wp-includes\\formatting.php","Line":2831}

Jun 11 2024 07:01:39
{"Number":8192,"Message":"rtrim(): Passing null to parameter #1 ($string) of type string is deprecated","File":"D:\\Xampp\\htdocs\\bizwin-solutions\\wp-includes\\formatting.php","Line":2831}

Jun 11 2024 07:01:39
{"Number":8192,"Message":"rtrim(): Passing null to parameter #1 ($string) of type string is deprecated","File":"D:\\Xampp\\htdocs\\bizwin-solutions\\wp-includes\\formatting.php","Line":2831}

Jun 11 2024 07:01:39
{"Number":8192,"Message":"rtrim(): Passing null to parameter #1 ($string) of type string is deprecated","File":"D:\\Xampp\\htdocs\\bizwin-solutions\\wp-includes\\formatting.php","Line":2831}

Jun 11 2024 07:01:39
{"Number":8192,"Message":"rtrim(): Passing null to parameter #1 ($string) of type string is deprecated","File":"D:\\Xampp\\htdocs\\bizwin-solutions\\wp-includes\\formatting.php","Line":2831}

Jun 11 2024 07:01:39
{"Number":8192,"Message":"rtrim(): Passing null to parameter #1 ($string) of type string is deprecated","File":"D:\\Xampp\\htdocs\\bizwin-solutions\\wp-includes\\formatting.php","Line":2831}

Jun 11 2024 07:01:39
{"Number":8192,"Message":"rtrim(): Passing null to parameter #1 ($string) of type string is deprecated","File":"D:\\Xampp\\htdocs\\bizwin-solutions\\wp-includes\\formatting.php","Line":2831}

Jun 11 2024 07:01:39
{"Number":8192,"Message":"rtrim(): Passing null to parameter #1 ($string) of type string is deprecated","File":"D:\\Xampp\\htdocs\\bizwin-solutions\\wp-includes\\formatting.php","Line":2831}

Jun 11 2024 07:01:39
{"Number":8192,"Message":"rtrim(): Passing null to parameter #1 ($string) of type string is deprecated","File":"D:\\Xampp\\htdocs\\bizwin-solutions\\wp-includes\\formatting.php","Line":2831}

Jun 11 2024 07:01:39
{"Number":8192,"Message":"rtrim(): Passing null to parameter #1 ($string) of type string is deprecated","File":"D:\\Xampp\\htdocs\\bizwin-solutions\\wp-includes\\formatting.php","Line":2831}

Jun 11 2024 07:01:39
{"Number":8192,"Message":"rtrim(): Passing null to parameter #1 ($string) of type string is deprecated","File":"D:\\Xampp\\htdocs\\bizwin-solutions\\wp-includes\\formatting.php","Line":2831}

Jun 11 2024 07:01:39
{"Number":8192,"Message":"rtrim(): Passing null to parameter #1 ($string) of type string is deprecated","File":"D:\\Xampp\\htdocs\\bizwin-solutions\\wp-includes\\formatting.php","Line":2831}

Jun 11 2024 07:01:39
{"Number":8192,"Message":"rtrim(): Passing null to parameter #1 ($string) of type string is deprecated","File":"D:\\Xampp\\htdocs\\bizwin-solutions\\wp-includes\\formatting.php","Line":2831}

Jun 11 2024 07:01:39
{"Number":8192,"Message":"rtrim(): Passing null to parameter #1 ($string) of type string is deprecated","File":"D:\\Xampp\\htdocs\\bizwin-solutions\\wp-includes\\formatting.php","Line":2831}

Jun 11 2024 07:01:39
{"Number":8192,"Message":"rtrim(): Passing null to parameter #1 ($string) of type string is deprecated","File":"D:\\Xampp\\htdocs\\bizwin-solutions\\wp-includes\\formatting.php","Line":2831}

Jun 11 2024 07:01:39
{"Number":8192,"Message":"Creation of dynamic property Ai1wm_Database_Mysqli::$old_replace_raw_values is deprecated","File":"D:\\Xampp\\htdocs\\bizwin-solutions\\wp-content\\plugins\\all-in-one-wp-migration\\lib\\vendor\\servmask\\database\\class-ai1wm-database.php","Line":300}

Jun 11 2024 07:01:39
{"Number":8192,"Message":"Creation of dynamic property Ai1wm_Database_Mysqli::$new_replace_raw_values is deprecated","File":"D:\\Xampp\\htdocs\\bizwin-solutions\\wp-content\\plugins\\all-in-one-wp-migration\\lib\\vendor\\servmask\\database\\class-ai1wm-database.php","Line":321}

Jun 11 2024 07:01:54
{"type":8192,"message":"Return type of Ai1wm_Recursive_Newline_Filter::accept() should either be compatible with FilterIterator::accept(): bool, or the #[\\ReturnTypeWillChange] attribute should be used to temporarily suppress the notice","file":"D:\\Xampp\\htdocs\\bizwin-solutions\\wp-content\\plugins\\all-in-one-wp-migration\\lib\\vendor\\servmask\\filter\\class-ai1wm-recursive-newline-filter.php","line":28}

Jun 11 2024 07:01:55
{"Number":8192,"Message":"rtrim(): Passing null to parameter #1 ($string) of type string is deprecated","File":"D:\\Xampp\\htdocs\\bizwin-solutions\\wp-includes\\formatting.php","Line":2831}

Jun 11 2024 07:01:55
{"Number":8192,"Message":"rtrim(): Passing null to parameter #1 ($string) of type string is deprecated","File":"D:\\Xampp\\htdocs\\bizwin-solutions\\wp-includes\\formatting.php","Line":2831}

Jun 11 2024 07:01:55
{"Number":8192,"Message":"rtrim(): Passing null to parameter #1 ($string) of type string is deprecated","File":"D:\\Xampp\\htdocs\\bizwin-solutions\\wp-includes\\formatting.php","Line":2831}

Jun 11 2024 07:01:55
{"Number":8192,"Message":"rtrim(): Passing null to parameter #1 ($string) of type string is deprecated","File":"D:\\Xampp\\htdocs\\bizwin-solutions\\wp-includes\\formatting.php","Line":2831}

Jun 11 2024 07:01:55
{"Number":8192,"Message":"rtrim(): Passing null to parameter #1 ($string) of type string is deprecated","File":"D:\\Xampp\\htdocs\\bizwin-solutions\\wp-includes\\formatting.php","Line":2831}

Jun 11 2024 07:01:55
{"Number":8192,"Message":"rtrim(): Passing null to parameter #1 ($string) of type string is deprecated","File":"D:\\Xampp\\htdocs\\bizwin-solutions\\wp-includes\\formatting.php","Line":2831}

Jun 11 2024 07:01:55
{"Number":8192,"Message":"rtrim(): Passing null to parameter #1 ($string) of type string is deprecated","File":"D:\\Xampp\\htdocs\\bizwin-solutions\\wp-includes\\formatting.php","Line":2831}

Jun 11 2024 07:01:55
{"Number":8192,"Message":"rtrim(): Passing null to parameter #1 ($string) of type string is deprecated","File":"D:\\Xampp\\htdocs\\bizwin-solutions\\wp-includes\\formatting.php","Line":2831}

Jun 11 2024 07:01:55
{"Number":8192,"Message":"rtrim(): Passing null to parameter #1 ($string) of type string is deprecated","File":"D:\\Xampp\\htdocs\\bizwin-solutions\\wp-includes\\formatting.php","Line":2831}

Jun 11 2024 07:01:55
{"Number":8192,"Message":"rtrim(): Passing null to parameter #1 ($string) of type string is deprecated","File":"D:\\Xampp\\htdocs\\bizwin-solutions\\wp-includes\\formatting.php","Line":2831}

Jun 11 2024 07:01:55
{"Number":8192,"Message":"rtrim(): Passing null to parameter #1 ($string) of type string is deprecated","File":"D:\\Xampp\\htdocs\\bizwin-solutions\\wp-includes\\formatting.php","Line":2831}

Jun 11 2024 07:01:55
{"Number":8192,"Message":"rtrim(): Passing null to parameter #1 ($string) of type string is deprecated","File":"D:\\Xampp\\htdocs\\bizwin-solutions\\wp-includes\\formatting.php","Line":2831}

Jun 11 2024 07:01:55
{"Number":8192,"Message":"rtrim(): Passing null to parameter #1 ($string) of type string is deprecated","File":"D:\\Xampp\\htdocs\\bizwin-solutions\\wp-includes\\formatting.php","Line":2831}

Jun 11 2024 07:01:55
{"Number":8192,"Message":"rtrim(): Passing null to parameter #1 ($string) of type string is deprecated","File":"D:\\Xampp\\htdocs\\bizwin-solutions\\wp-includes\\formatting.php","Line":2831}

Jun 11 2024 07:01:55
{"Number":8192,"Message":"rtrim(): Passing null to parameter #1 ($string) of type string is deprecated","File":"D:\\Xampp\\htdocs\\bizwin-solutions\\wp-includes\\formatting.php","Line":2831}

Jun 11 2024 07:01:55
{"Number":8192,"Message":"rtrim(): Passing null to parameter #1 ($string) of type string is deprecated","File":"D:\\Xampp\\htdocs\\bizwin-solutions\\wp-includes\\formatting.php","Line":2831}

Jun 11 2024 07:01:55
{"Number":8192,"Message":"rtrim(): Passing null to parameter #1 ($string) of type string is deprecated","File":"D:\\Xampp\\htdocs\\bizwin-solutions\\wp-includes\\formatting.php","Line":2831}

Jun 11 2024 07:01:55
{"Number":8192,"Message":"rtrim(): Passing null to parameter #1 ($string) of type string is deprecated","File":"D:\\Xampp\\htdocs\\bizwin-solutions\\wp-includes\\formatting.php","Line":2831}

Jun 11 2024 07:01:55
{"Number":8192,"Message":"rtrim(): Passing null to parameter #1 ($string) of type string is deprecated","File":"D:\\Xampp\\htdocs\\bizwin-solutions\\wp-includes\\formatting.php","Line":2831}

Jun 11 2024 07:01:55
{"Number":8192,"Message":"rtrim(): Passing null to parameter #1 ($string) of type string is deprecated","File":"D:\\Xampp\\htdocs\\bizwin-solutions\\wp-includes\\formatting.php","Line":2831}

Jun 11 2024 07:01:55
{"Number":8192,"Message":"rtrim(): Passing null to parameter #1 ($string) of type string is deprecated","File":"D:\\Xampp\\htdocs\\bizwin-solutions\\wp-includes\\formatting.php","Line":2831}

Jun 11 2024 07:01:55
{"Number":8192,"Message":"rtrim(): Passing null to parameter #1 ($string) of type string is deprecated","File":"D:\\Xampp\\htdocs\\bizwin-solutions\\wp-includes\\formatting.php","Line":2831}

Jun 11 2024 07:01:55
{"Number":8192,"Message":"rtrim(): Passing null to parameter #1 ($string) of type string is deprecated","File":"D:\\Xampp\\htdocs\\bizwin-solutions\\wp-includes\\formatting.php","Line":2831}

Jun 11 2024 07:01:55
{"Number":8192,"Message":"rtrim(): Passing null to parameter #1 ($string) of type string is deprecated","File":"D:\\Xampp\\htdocs\\bizwin-solutions\\wp-includes\\formatting.php","Line":2831}

Jun 11 2024 07:01:55
{"Number":8192,"Message":"rtrim(): Passing null to parameter #1 ($string) of type string is deprecated","File":"D:\\Xampp\\htdocs\\bizwin-solutions\\wp-includes\\formatting.php","Line":2831}

Jun 11 2024 07:01:55
{"Number":8192,"Message":"rtrim(): Passing null to parameter #1 ($string) of type string is deprecated","File":"D:\\Xampp\\htdocs\\bizwin-solutions\\wp-includes\\formatting.php","Line":2831}

Jun 11 2024 07:01:55
{"Number":8192,"Message":"rtrim(): Passing null to parameter #1 ($string) of type string is deprecated","File":"D:\\Xampp\\htdocs\\bizwin-solutions\\wp-includes\\formatting.php","Line":2831}

Jun 11 2024 07:01:55
{"Number":8192,"Message":"rtrim(): Passing null to parameter #1 ($string) of type string is deprecated","File":"D:\\Xampp\\htdocs\\bizwin-solutions\\wp-includes\\formatting.php","Line":2831}

Jun 11 2024 07:01:55
{"Number":8192,"Message":"rtrim(): Passing null to parameter #1 ($string) of type string is deprecated","File":"D:\\Xampp\\htdocs\\bizwin-solutions\\wp-includes\\formatting.php","Line":2831}

Jun 11 2024 07:01:55
{"Number":8192,"Message":"rtrim(): Passing null to parameter #1 ($string) of type string is deprecated","File":"D:\\Xampp\\htdocs\\bizwin-solutions\\wp-includes\\formatting.php","Line":2831}

Jun 11 2024 07:01:55
{"Number":8192,"Message":"Creation of dynamic property Ai1wm_Database_Mysqli::$old_replace_raw_values is deprecated","File":"D:\\Xampp\\htdocs\\bizwin-solutions\\wp-content\\plugins\\all-in-one-wp-migration\\lib\\vendor\\servmask\\database\\class-ai1wm-database.php","Line":300}

Jun 11 2024 07:01:55
{"Number":8192,"Message":"Creation of dynamic property Ai1wm_Database_Mysqli::$new_replace_raw_values is deprecated","File":"D:\\Xampp\\htdocs\\bizwin-solutions\\wp-content\\plugins\\all-in-one-wp-migration\\lib\\vendor\\servmask\\database\\class-ai1wm-database.php","Line":321}

Jun 11 2024 07:02:07
{"type":8192,"message":"Return type of Ai1wm_Recursive_Newline_Filter::accept() should either be compatible with FilterIterator::accept(): bool, or the #[\\ReturnTypeWillChange] attribute should be used to temporarily suppress the notice","file":"D:\\Xampp\\htdocs\\bizwin-solutions\\wp-content\\plugins\\all-in-one-wp-migration\\lib\\vendor\\servmask\\filter\\class-ai1wm-recursive-newline-filter.php","line":28}

Jun 11 2024 07:02:08
{"type":8192,"message":"Return type of Ai1wm_Recursive_Newline_Filter::accept() should either be compatible with FilterIterator::accept(): bool, or the #[\\ReturnTypeWillChange] attribute should be used to temporarily suppress the notice","file":"D:\\Xampp\\htdocs\\bizwin-solutions\\wp-content\\plugins\\all-in-one-wp-migration\\lib\\vendor\\servmask\\filter\\class-ai1wm-recursive-newline-filter.php","line":28}

Jun 11 2024 07:02:14
{"type":8192,"message":"Creation of dynamic property OMAPI::$wordfence is deprecated","file":"D:\\Xampp\\htdocs\\bizwin-solutions\\wp-content\\plugins\\optinmonster\\optin-monster-wp-api.php","line":370}

